"../../../Engine/Content/EngineMeshes/Humanoid.uasset" 0
"../../../../../Unreal/SRPG/SRPG/Content/CustomContent/Meshes/Conversion/Converted/Polygon_CitySkeleton.uasset" 1
"../../../../../Unreal/SRPG/SRPG/Content/Marketplace/FXVarietyPack/Materials/M_ky_empty.uasset" 2
"../../../Engine/Content/Functions/Engine_MaterialFunctions01/Density/ExponentialDensity.uasset" 3
"../../../Engine/Content/Functions/Engine_MaterialFunctions01/Gradient/RadialGradientExponential.uasset" 4
"../../../../../Unreal/SRPG/SRPG/Content/Marketplace/FXVarietyPack/Textures/T_ky_noise3.uasset" 5
"../../../../../Unreal/SRPG/SRPG/Content/Marketplace/FXVarietyPack/Materials/M_ky_dynDust.uasset" 6
"../../../../../Unreal/SRPG/SRPG/Content/Marketplace/FXVarietyPack/Textures/T_ky_noise6.uasset" 7
"../../../../../Unreal/SRPG/SRPG/Content/Marketplace/FXVarietyPack/Textures/T_ky_smoke2.uasset" 8
"../../../../../Unreal/SRPG/SRPG/Content/Marketplace/FXVarietyPack/Materials/MI_ky_dynDust2.uasset" 9
"../../../../../Unreal/SRPG/SRPG/Content/Marketplace/FXVarietyPack/Textures/T_ky_flare_a.uasset" 10
"../../../../../Unreal/SRPG/SRPG/Content/Marketplace/FXVarietyPack/Materials/M_ky_flare_flash.uasset" 11
"../../../../../Unreal/SRPG/SRPG/Content/Marketplace/FXVarietyPack/Materials/MI_ky_flare_flash_trs.uasset" 12
"../../../../../Unreal/SRPG/SRPG/Content/Marketplace/FXVarietyPack/Textures/T_ky_bg_LC.uasset" 13
"../../../../../Unreal/SRPG/SRPG/Content/Marketplace/FXVarietyPack/Materials/M_ky_subUV_dynRGB.uasset" 14
"../../../../../Unreal/SRPG/SRPG/Content/Marketplace/FXVarietyPack/Textures/T_ky_lightning02_4x4.uasset" 15
"../../../../../Unreal/SRPG/SRPG/Content/Marketplace/FXVarietyPack/Materials/MI_ky_lightning02_4x4.uasset" 16
"../../../../../Unreal/SRPG/SRPG/Content/Marketplace/FXVarietyPack/Textures/T_ky_lightningDust01_4x4.uasset" 17
"../../../../../Unreal/SRPG/SRPG/Content/Marketplace/FXVarietyPack/Materials/MI_ky_lightningDust01_4x4_nonD.uasset" 18
"../../../../../Unreal/SRPG/SRPG/Content/Marketplace/FXVarietyPack/Materials/M_ky_primitive_dyn2.uasset" 19
"../../../../../Unreal/SRPG/SRPG/Content/Marketplace/FXVarietyPack/Materials/MI_ky_primitive_dynB_nonD.uasset" 20
"../../../../../Unreal/SRPG/SRPG/Content/Marketplace/FXVarietyPack/Textures/T_ky_dist_noise.uasset" 21
"../../../../../Unreal/SRPG/SRPG/Content/Marketplace/FXVarietyPack/Textures/T_ky_smoke_kai.uasset" 22
"../../../../../Unreal/SRPG/SRPG/Content/Marketplace/FXVarietyPack/Materials/M_ky_base_turbulence.uasset" 23
"../../../../../Unreal/SRPG/SRPG/Content/Marketplace/FXVarietyPack/Materials/MI_ky_turbulence_smoke2d_trs.uasset" 24
"../../../../../Unreal/SRPG/SRPG/Content/Marketplace/FXVarietyPack/Particles/P_ky_lightning3.uasset" 25
"../../../../../Unreal/SRPG/SRPG/Content/CustomContent/Animations/Battle/Player/Converted/Death.uasset" 26
"../../../../../Unreal/SRPG/SRPG/Content/CustomContent/Animations/Battle/Player/Converted/Head_Hit2.uasset" 27
"../../../Engine/Content/Functions/Engine_MaterialFunctions02/HueShift.uasset" 28
"../../../../../Unreal/SRPG/SRPG/Content/Marketplace/FantasyRPGVFXPack/Textures/T_Sprite_Generic_HealingCross.uasset" 29
"../../../../../Unreal/SRPG/SRPG/Content/Marketplace/FantasyRPGVFXPack/Materials/M_Sprite_Generic_HealCross.uasset" 30
"../../../../../Unreal/SRPG/SRPG/Content/Marketplace/FantasyRPGVFXPack/Textures/T_Sprite_Generic_StarTripple.uasset" 31
"../../../../../Unreal/SRPG/SRPG/Content/Marketplace/FantasyRPGVFXPack/Materials/M_Sprite_Generic_Star.uasset" 32
"../../../../../Unreal/SRPG/SRPG/Content/Marketplace/FantasyRPGVFXPack/Textures/T_Sprite_Generic_Wave2.uasset" 33
"../../../../../Unreal/SRPG/SRPG/Content/Marketplace/FantasyRPGVFXPack/Materials/M_Sprite_Generic_Wave3.uasset" 34
"../../../Engine/Content/Functions/Engine_MaterialFunctions01/Opacity/CameraDepthFade.uasset" 35
"../../../Engine/Content/EngineMaterials/T_Default_Material_Grid_M.uasset" 36
"../../../Engine/Content/EngineMaterials/T_Default_Material_Grid_N.uasset" 37
"../../../Engine/Content/EngineMaterials/WorldGridMaterial.uasset" 38
"../../../../../Unreal/SRPG/SRPG/Content/Marketplace/FantasyRPGVFXPack/Meshes/SM_ParticlePlane.uasset" 39
"../../../../../Unreal/SRPG/SRPG/Content/Marketplace/FantasyRPGVFXPack/Particles/PS_Aura_Effect_Healing_OneLoop.uasset" 40
"../../../../../Unreal/SRPG/SRPG/Content/CustomContent/Animations/Battle/Player/Converted/Item.uasset" 41
"../../../../../Unreal/SRPG/SRPG/Content/CustomContent/Animations/Battle/Player/Converted/Kick.uasset" 42
"../../../../../Unreal/SRPG/SRPG/Content/CustomContent/Animations/Battle/Player/Converted/Miss.uasset" 43
"../../../../../Unreal/SRPG/SRPG/Content/CustomContent/Animations/Battle/Player/Converted/Punching_.uasset" 44
"../../../Engine/Content/EngineResources/DefaultTexture.uasset" 45
"../../../../../Unreal/SRPG/SRPG/Content/Marketplace/AdvancedMagicFX12/Materials/Mfunction/MF_ky_UVcontrol_4x4.uasset" 46
"../../../../../Unreal/SRPG/SRPG/Content/Marketplace/AdvancedMagicFX12/Textures/T_ky_dust02uni_4x4.uasset" 47
"../../../../../Unreal/SRPG/SRPG/Content/Marketplace/AdvancedMagicFX12/Materials/M_ky_dust02uni_4x4.uasset" 48
"../../../../../Unreal/SRPG/SRPG/Content/Marketplace/AdvancedMagicFX12/Textures/T_ky_flowmap.uasset" 49
"../../../../../Unreal/SRPG/SRPG/Content/Marketplace/AdvancedMagicFX12/Materials/M_ky_noiseSmoke2.uasset" 50
"../../../Engine/Content/Functions/Engine_MaterialFunctions01/Gradient/LinearGradient.uasset" 51
"../../../../../Unreal/SRPG/SRPG/Content/Marketplace/AdvancedMagicFX12/Textures/T_ky_maskRGB3.uasset" 52
"../../../../../Unreal/SRPG/SRPG/Content/Marketplace/AdvancedMagicFX12/Materials/Mfunction/MF_ky_addHilight.uasset" 53
"../../../../../Unreal/SRPG/SRPG/Content/Marketplace/AdvancedMagicFX12/Textures/T_ky_noise16.uasset" 54
"../../../../../Unreal/SRPG/SRPG/Content/Marketplace/AdvancedMagicFX12/Textures/T_ky_noise4.uasset" 55
"../../../../../Unreal/SRPG/SRPG/Content/Marketplace/AdvancedMagicFX12/Textures/T_ky_noise6.uasset" 56
"../../../../../Unreal/SRPG/SRPG/Content/Marketplace/AdvancedMagicFX12/Materials/M_ky_shockwave07.uasset" 57
"../../../../../Unreal/SRPG/SRPG/Content/Marketplace/AdvancedMagicFX12/Materials/MI_ky_shockwave07_dark.uasset" 58
"../../../../../Unreal/SRPG/SRPG/Content/Marketplace/AdvancedMagicFX12/Meshes/SM_ky_circle_midpoly.uasset" 59
"../../../../../Unreal/SRPG/SRPG/Content/Marketplace/AdvancedMagicFX12/Meshes/SM_ky_quad_centerRot.uasset" 60
"../../../../../Unreal/SRPG/SRPG/Content/Marketplace/AdvancedMagicFX12/particles/P_ky_hit_dark.uasset" 61
"../../../../../Unreal/SRPG/SRPG/Content/CustomContent/Animations/Battle/Player/Converted/StatDecrease.uasset" 62
"../../../../../Unreal/SRPG/SRPG/Content/CustomContent/Animations/Battle/Player/Converted/Bouncing_Fight_Idle_.uasset" 63
"../../../../../Unreal/SRPG/SRPG/Content/CustomContent/Animations/Battle/Player/Converted/Standard_Walk1.uasset" 64
"../../../../../Unreal/SRPG/SRPG/Content/CustomContent/Animations/Battle/Player/Converted/ThirdPerson_IdleRun_2D.uasset" 65
"../../../Engine/Content/EditorBlueprintResources/StandardMacros.uasset" 66
"../../../../../Unreal/SRPG/SRPG/Content/CustomContent/UI/Battle/AI/UMG_EnemyOverhead.uasset" 67
"../../../../../Unreal/SRPG/SRPG/Content/CustomContent/Rendering/Textures/BattleCharacters/Player/PoliceOfficer.uasset" 68
"../../../../../Unreal/SRPG/SRPG/Content/CustomContent/Rendering/Materials/BattleCharacters/MAT_PoliceOfficer.uasset" 69
"../../../../../Unreal/SRPG/SRPG/Content/CustomContent/Rendering/Textures/BarRed.uasset" 70
"../../../../../Unreal/SRPG/SRPG/Content/CustomContent/UI/Battle/BattleManager/UMG_BattleDepRow.uasset" 71
"../../../../../Unreal/SRPG/SRPG/Content/CustomContent/Rendering/Textures/BarBlack.uasset" 72
"../../../../../Unreal/SRPG/SRPG/Content/CustomContent/UI/Battle/BattleManager/UMG_BattleManager.uasset" 73
"../../../../../Unreal/SRPG/SRPG/Content/CustomContent/UI/Battle/Player/UMG_PlayerOverhead.uasset" 74
"../../../../../Unreal/SRPG/SRPG/Content/CustomContent/Animations/Battle/Player/Converted/ANIM_PlayerGridCharacterAnimInstance.uasset" 75
"../../../../../Unreal/SRPG/SRPG/Content/CustomContent/DataTables/ArmorSkillsTable_Demo.uasset" 76
"../../../../../Unreal/SRPG/SRPG/Content/CustomContent/DataTables/EquipmentTable_Demo.uasset" 77
"../../../../../Unreal/SRPG/SRPG/Content/CustomContent/DataTables/WeaponSkillsTable_Demo.uasset" 78
"../../../../../Unreal/SRPG/SRPG/Content/CustomContent/Rendering/Textures/BarBlue.uasset" 79
"../../../../../Unreal/SRPG/SRPG/Content/CustomContent/Rendering/Textures/BarGreen.uasset" 80
"../../../../../Unreal/SRPG/SRPG/Content/CustomContent/Rendering/Textures/BarGrey.uasset" 81
"../../../../../Unreal/SRPG/SRPG/Content/CustomContent/UI/Battle/UMG_InfoPanel.uasset" 82
"../../../../../Unreal/SRPG/SRPG/Content/CustomContent/UI/Battle/AI/UMG_AI.uasset" 83
"../../../../../Unreal/SRPG/SRPG/Content/Marketplace/AdvancedMagicFX12/Materials/M_ky_empty.uasset" 84
"../../../../../Unreal/SRPG/SRPG/Content/Marketplace/AdvancedMagicFX12/Materials/M_ky_aura14.uasset" 85
"../../../../../Unreal/SRPG/SRPG/Content/Marketplace/AdvancedMagicFX12/Materials/MI_ky_aura14_fire.uasset" 86
"../../../../../Unreal/SRPG/SRPG/Content/Marketplace/AdvancedMagicFX12/Materials/MI_ky_aura14_fireB_nonD.uasset" 87
"../../../../../Unreal/SRPG/SRPG/Content/Marketplace/AdvancedMagicFX12/Textures/T_ky_noise3.uasset" 88
"../../../../../Unreal/SRPG/SRPG/Content/Marketplace/AdvancedMagicFX12/Materials/M_ky_dynDust.uasset" 89
"../../../../../Unreal/SRPG/SRPG/Content/Marketplace/AdvancedMagicFX12/Textures/T_ky_smoke2.uasset" 90
"../../../../../Unreal/SRPG/SRPG/Content/Marketplace/AdvancedMagicFX12/Materials/MI_ky_dynDust.uasset" 91
"../../../../../Unreal/SRPG/SRPG/Content/Marketplace/AdvancedMagicFX12/Meshes/SM_ky_sphereHarf03.uasset" 92
"../../../../../Unreal/SRPG/SRPG/Content/Marketplace/AdvancedMagicFX12/particles/P_ky_aura_fire.uasset" 93
"../../../../../Unreal/SRPG/SRPG/Content/Marketplace/AdvancedMagicFX12/Materials/MI_ky_aura14_ice.uasset" 94
"../../../../../Unreal/SRPG/SRPG/Content/Marketplace/AdvancedMagicFX12/Materials/MI_ky_aura14_iceB_nonD.uasset" 95
"../../../Engine/Content/Functions/Engine_MaterialFunctions01/Gradient/DiamondGradient.uasset" 96
"../../../Engine/Content/EngineMaterials/BlendFunc_DefBase.uasset" 97
"../../../Engine/Content/EngineMaterials/BlendFunc_DefBlend.uasset" 98
"../../../Engine/Content/Functions/Engine_MaterialFunctions03/Blends/Blend_Screen.uasset" 99
"../../../../../Unreal/SRPG/SRPG/Content/Marketplace/AdvancedMagicFX12/Textures/T_ky_dust_longStar.uasset" 100
"../../../../../Unreal/SRPG/SRPG/Content/Marketplace/AdvancedMagicFX12/Materials/M_ky_starDust.uasset" 101
"../../../../../Unreal/SRPG/SRPG/Content/Marketplace/AdvancedMagicFX12/Materials/MI_ky_starDust_sq.uasset" 102
"../../../../../Unreal/SRPG/SRPG/Content/Marketplace/AdvancedMagicFX12/Textures/T_ky_dist_noise.uasset" 103
"../../../../../Unreal/SRPG/SRPG/Content/Marketplace/AdvancedMagicFX12/Textures/T_ky_smoke_kai.uasset" 104
"../../../../../Unreal/SRPG/SRPG/Content/Marketplace/AdvancedMagicFX12/Materials/M_ky_base_turbulence.uasset" 105
"../../../../../Unreal/SRPG/SRPG/Content/Marketplace/AdvancedMagicFX12/Materials/MI_ky_turbulence_smoke2d_trs.uasset" 106
"../../../../../Unreal/SRPG/SRPG/Content/Marketplace/AdvancedMagicFX12/particles/P_ky_aura_ice.uasset" 107
"../../../../../Unreal/SRPG/SRPG/Content/Marketplace/AdvancedMagicFX12/Materials/MI_ky_aura14_dark.uasset" 108
"../../../../../Unreal/SRPG/SRPG/Content/Marketplace/AdvancedMagicFX12/Materials/MI_ky_dynDust2.uasset" 109
"../../../Engine/Content/Functions/Engine_MaterialFunctions02/Fresnel_Function.uasset" 110
"../../../../../Unreal/SRPG/SRPG/Content/Marketplace/AdvancedMagicFX12/Materials/M_ky_primitive.uasset" 111
"../../../../../Unreal/SRPG/SRPG/Content/Marketplace/AdvancedMagicFX12/Materials/MI_ky_primitive2c.uasset" 112
"../../../../../Unreal/SRPG/SRPG/Content/Marketplace/AdvancedMagicFX12/Meshes/SM_ky_cylinderBend04.uasset" 113
"../../../../../Unreal/SRPG/SRPG/Content/Marketplace/AdvancedMagicFX12/particles/P_ky_shot_dark.uasset" 114
"../../../../../Unreal/SRPG/SRPG/Content/Marketplace/PolygonCity/Textures/T_PolygonCity_Emissive_01.uasset" 115
"../../../../../Unreal/SRPG/SRPG/Content/Marketplace/PolygonCity/Textures/T_PolygonCity_Texture_01_A.uasset" 116
"../../../../../Unreal/SRPG/SRPG/Content/Marketplace/PolygonCity/Textures/T_PolygonCity_Texture_Metallic.uasset" 117
"../../../../../Unreal/SRPG/SRPG/Content/Marketplace/PolygonCity/Textures/T_PolygonCity_Texture_Normal_01.uasset" 118
"../../../../../Unreal/SRPG/SRPG/Content/Marketplace/PolygonCity/Textures/T_PolygonCity_Texture_Roughness.uasset" 119
"../../../../../Unreal/SRPG/SRPG/Content/Marketplace/PolygonCity/Materials/Mat_PolygonCity_Texture_01_A.uasset" 120
"../../../../../Unreal/SRPG/SRPG/Content/Marketplace/PolygonCity/Meshes/Characters/SK_Character_Female_Police_PhysicsAsset.uasset" 121
"../../../../../Unreal/SRPG/SRPG/Content/Marketplace/PolygonCity/Meshes/Characters/SK_Character_Female_Police.uasset" 122
"../../../../../Unreal/SRPG/SRPG/Content/CustomContent/Blueprints/Battle/AI/BP_Enemy1.uasset" 123
"../../../../../Unreal/SRPG/SRPG/Content/Marketplace/PolygonCity/Meshes/Characters/SK_Character_Female_Jacket_PhysicsAsset.uasset" 124
"../../../../../Unreal/SRPG/SRPG/Content/Marketplace/PolygonCity/Meshes/Characters/SK_Character_Female_Jacket.uasset" 125
"../../../../../Unreal/SRPG/SRPG/Content/CustomContent/Blueprints/Battle/AI/BP_Enemy2.uasset" 126
"../../../../../Unreal/SRPG/SRPG/Content/CustomContent/Rendering/Textures/BattleCharacters/AI/PoliceOfficerF.uasset" 127
"../../../../../Unreal/SRPG/SRPG/Content/CustomContent/Rendering/Materials/BattleCharacters/MAT_FemaleJacket.uasset" 128
"../../../../../Unreal/SRPG/SRPG/Content/CustomContent/Rendering/Materials/BattleCharacters/MAT_PoliceOfficerF.uasset" 129
"../../../../../Unreal/SRPG/SRPG/Content/CustomContent/Blueprints/Battle/AI/BP_AIManager.uasset" 130
"../../../../../Unreal/SRPG/SRPG/Content/Marketplace/AdvancedMagicFX12/particles/P_ky_trail_darkDust.uasset" 131
"../../../../../Unreal/SRPG/SRPG/Content/Marketplace/AdvancedMagicFX13/Materials/M_ky_empty.uasset" 132
"../../../Engine/Content/Functions/Engine_MaterialFunctions02/Utility/Sine_Remapped.uasset" 133
"../../../../../Unreal/SRPG/SRPG/Content/Marketplace/AdvancedMagicFX13/Textures/T_ky_lensFlare01.uasset" 134
"../../../../../Unreal/SRPG/SRPG/Content/Marketplace/AdvancedMagicFX13/Materials/M_ky_lensFlare02.uasset" 135
"../../../../../Unreal/SRPG/SRPG/Content/Marketplace/AdvancedMagicFX13/Materials/Mfunction/MF_ky_VectorToRadialValue.uasset" 136
"../../../../../Unreal/SRPG/SRPG/Content/Marketplace/AdvancedMagicFX13/Textures/T_ky_deco_rainbow.uasset" 137
"../../../../../Unreal/SRPG/SRPG/Content/Marketplace/AdvancedMagicFX13/Textures/T_ky_decoLinesB_sml.uasset" 138
"../../../../../Unreal/SRPG/SRPG/Content/Marketplace/AdvancedMagicFX13/Materials/M_ky_polarGlow02.uasset" 139
"../../../../../Unreal/SRPG/SRPG/Content/Marketplace/AdvancedMagicFX13/Materials/M_ky_primitive_dyn2.uasset" 140
"../../../../../Unreal/SRPG/SRPG/Content/Marketplace/AdvancedMagicFX13/Textures/T_ky_flareVertical02.uasset" 141
"../../../../../Unreal/SRPG/SRPG/Content/Marketplace/AdvancedMagicFX13/Materials/M_ky_flare01_primitive.uasset" 142
"../../../../../Unreal/SRPG/SRPG/Content/Marketplace/AdvancedMagicFX13/Textures/T_ky_flash01_4x4.uasset" 143
"../../../../../Unreal/SRPG/SRPG/Content/Marketplace/AdvancedMagicFX13/Materials/MI_ky_flare01b_primitiveG.uasset" 144
"../../../../../Unreal/SRPG/SRPG/Content/Marketplace/AdvancedMagicFX13/Materials/MI_ky_flare01b_primitiveR.uasset" 145
"../../../../../Unreal/SRPG/SRPG/Content/Marketplace/AdvancedMagicFX13/Textures/T_ky_noise6.uasset" 146
"../../../../../Unreal/SRPG/SRPG/Content/Marketplace/AdvancedMagicFX13/Materials/M_ky_primitive.uasset" 147
"../../../../../Unreal/SRPG/SRPG/Content/Marketplace/AdvancedMagicFX13/Materials/MI_ky_primitive2_trs.uasset" 148
"../../../../../Unreal/SRPG/SRPG/Content/Marketplace/AdvancedMagicFX13/Textures/T_ky_maskRGB3.uasset" 149
"../../../../../Unreal/SRPG/SRPG/Content/Marketplace/AdvancedMagicFX13/Materials/Mfunction/MF_ky_addHilight.uasset" 150
"../../../../../Unreal/SRPG/SRPG/Content/Marketplace/AdvancedMagicFX13/Materials/M_ky_primitiveColor.uasset" 151
"../../../../../Unreal/SRPG/SRPG/Content/Marketplace/AdvancedMagicFX13/Materials/MI_ky_primitiveColor.uasset" 152
"../../../../../Unreal/SRPG/SRPG/Content/Marketplace/AdvancedMagicFX13/Particles/P_ky_flash2.uasset" 153
"../../../../../Unreal/SRPG/SRPG/Content/Marketplace/AdvancedMagicFX13/Materials/M_ky_auraWall.uasset" 154
"../../../../../Unreal/SRPG/SRPG/Content/Marketplace/AdvancedMagicFX13/Materials/MI_ky_auraWallB.uasset" 155
"../../../../../Unreal/SRPG/SRPG/Content/Marketplace/AdvancedMagicFX13/Textures/T_ky_flare14_4x4.uasset" 156
"../../../../../Unreal/SRPG/SRPG/Content/Marketplace/AdvancedMagicFX13/Materials/MI_ky_flare14G.uasset" 157
"../../../../../Unreal/SRPG/SRPG/Content/Marketplace/AdvancedMagicFX13/Textures/T_ky_flare_a.uasset" 158
"../../../../../Unreal/SRPG/SRPG/Content/Marketplace/AdvancedMagicFX13/Materials/M_ky_flare_flash.uasset" 159
"../../../../../Unreal/SRPG/SRPG/Content/Marketplace/AdvancedMagicFX13/Materials/MI_ky_flare_flash_trs.uasset" 160
"../../../../../Unreal/SRPG/SRPG/Content/Marketplace/AdvancedMagicFX13/Materials/MI_ky_primitive2_trs_nonD.uasset" 161
"../../../../../Unreal/SRPG/SRPG/Content/Marketplace/AdvancedMagicFX13/Textures/T_ky_dust_longStar.uasset" 162
"../../../../../Unreal/SRPG/SRPG/Content/Marketplace/AdvancedMagicFX13/Materials/M_ky_starDust.uasset" 163
"../../../../../Unreal/SRPG/SRPG/Content/Marketplace/AdvancedMagicFX13/Materials/MI_ky_starDust_dis.uasset" 164
"../../../../../Unreal/SRPG/SRPG/Content/Marketplace/AdvancedMagicFX13/Meshes/SM_ky_cylinder_superLow_inv.uasset" 165
"../../../../../Unreal/SRPG/SRPG/Content/Marketplace/AdvancedMagicFX13/Particles/P_ky_heal1.uasset" 166
"../../../../../Unreal/SRPG/SRPG/Content/Marketplace/FXVarietyPack/Textures/T_ky_smoke1.uasset" 167
"../../../../../Unreal/SRPG/SRPG/Content/Marketplace/FXVarietyPack/Materials/M_ky_smoke01.uasset" 168
"../../../../../Unreal/SRPG/SRPG/Content/Marketplace/FXVarietyPack/Materials/MI_ky_smoke01c.uasset" 169
"../../../../../Unreal/SRPG/SRPG/Content/Marketplace/FXVarietyPack/Particles/P_ky_waterBall.uasset" 170
"../../../../../Unreal/SRPG/SRPG/Content/CustomContent/Blueprints/Battle/Crowd/BP_CrowdHP.uasset" 171
"../../../../../Unreal/SRPG/SRPG/Content/CustomContent/UI/Battle/Crowd/UMG_Crowd.uasset" 172
"../../../../../Unreal/SRPG/SRPG/Content/CustomContent/Blueprints/Battle/Crowd/BP_BattleCrowd.uasset" 173
"../../../../../Unreal/SRPG/SRPG/Content/CustomContent/Rendering/Materials/MAT_TileAttackHighlight.uasset" 174
"../../../../../Unreal/SRPG/SRPG/Content/CustomContent/Rendering/Materials/MAT_TileItemHighlight.uasset" 175
"../../../../../Unreal/SRPG/SRPG/Content/CustomContent/Rendering/Textures/BarYellow.uasset" 176
"../../../../../Unreal/SRPG/SRPG/Content/CustomContent/Rendering/Materials/MAT_TileMoveHighlight.uasset" 177
"../../../../../Unreal/SRPG/SRPG/Content/CustomContent/Rendering/Materials/MAT_TileNeutral.uasset" 178
"../../../../../Unreal/SRPG/SRPG/Content/CustomContent/Rendering/Materials/MAT_TileSkillHighlight.uasset" 179
"../../../../../Unreal/SRPG/SRPG/Content/CustomContent/Rendering/Materials/MAT_NeutralBorder.uasset" 180
"../../../../../Unreal/SRPG/SRPG/Content/CustomContent/Meshes/StaticMeshes/Tile.uasset" 181
"../../../../../Unreal/SRPG/SRPG/Content/CustomContent/Blueprints/Battle/Grid/BP_Tile.uasset" 182
"../../../../../Unreal/SRPG/SRPG/Content/CustomContent/Blueprints/Battle/Grid/BP_GridManager.uasset" 183
"../../../../../Unreal/SRPG/SRPG/Content/Marketplace/FantasyRPGVFXPack/Geometry/Meshes/CubeMaterial.uasset" 184
"../../../../../Unreal/SRPG/SRPG/Content/Marketplace/FantasyRPGVFXPack/Geometry/Meshes/1M_Cube.uasset" 185
"../../../../../Unreal/SRPG/SRPG/Content/CustomContent/Blueprints/Battle/Grid/BP_Obstacle.uasset" 186
"../../../Engine/Content/ArtTools/RenderToTexture/Enums/RenderToTexture_Imposter_Enum.uasset" 187
"../../../Engine/Content/ArtTools/RenderToTexture/Enums/EIntTypes.uasset" 188
"../../../Engine/Content/ArtTools/RenderToTexture/Macros/RenderToTextureFunctionLibrary.uasset" 189
"../../../Engine/Content/ArtTools/RenderToTexture/Enums/EFloatTypes.uasset" 190
"../../../Engine/Content/ArtTools/RenderToTexture/Macros/RenderToTextureMacros.uasset" 191
"../../../Engine/Content/ArtTools/RenderToTexture/Meshes/S_1_Unit_Plane.uasset" 192
"../../../Engine/Content/EngineMaterials/DefaultMaterial.uasset" 193
"../../../Engine/Content/BasicShapes/Cone.uasset" 194
"../../../Engine/Content/BasicShapes/Cube.uasset" 195
"../../../Engine/Content/BasicShapes/Cylinder.uasset" 196
"../../../Engine/Content/BasicShapes/Plane.uasset" 197
"../../../Engine/Content/BasicShapes/Sphere.uasset" 198
"../../../Engine/Content/EngineMaterials/DefaultPhysicalMaterial.uasset" 199
"../../../Engine/Content/BufferVisualization/AmbientOcclusion.uasset" 200
"../../../Engine/Content/BufferVisualization/BaseColor.uasset" 201
"../../../Engine/Content/BufferVisualization/CustomDepth.uasset" 202
"../../../Engine/Content/Functions/Engine_MaterialFunctions02/Utility/VectorLength.uasset" 203
"../../../Engine/Content/BufferVisualization/CustomDepthWorldUnits.uasset" 204
"../../../Engine/Content/Functions/Engine_MaterialFunctions02/Utility/BreakOutFloat2Components.uasset" 205
"../../../Engine/Content/Functions/Engine_MaterialFunctions01/Texturing/ScaleUVsByCenter.uasset" 206
"../../../Engine/Content/Functions/Engine_MaterialFunctions02/ScreenResolution.uasset" 207
"../../../Engine/Content/Functions/Engine_MaterialFunctions02/Texturing/ScreenAlignedUVs.uasset" 208
"../../../Engine/Content/Functions/Engine_MaterialFunctions02/Utility/MakeFloat2.uasset" 209
"../../../Engine/Content/Functions/Engine_MaterialFunctions02/Utility/MakeFloat3.uasset" 210
"../../../Engine/Content/EngineMaterials/MiniFont.uasset" 211
"../../../Engine/Content/BufferVisualization/CustomStencil.uasset" 212
"../../../Engine/Content/BufferVisualization/FinalImage.uasset" 213
"../../../Engine/Content/BufferVisualization/LightingModel.uasset" 214
"../../../Engine/Content/BufferVisualization/MaterialAO.uasset" 215
"../../../Engine/Content/BufferVisualization/Metallic.uasset" 216
"../../../Engine/Content/BufferVisualization/Opacity.uasset" 217
"../../../Engine/Content/BufferVisualization/PostTonemapHDRColor.uasset" 218
"../../../Engine/Content/BufferVisualization/PreTonemapHDRColor.uasset" 219
"../../../Engine/Content/BufferVisualization/Roughness.uasset" 220
"../../../Engine/Content/BufferVisualization/SceneColor.uasset" 221
"../../../Engine/Content/BufferVisualization/SceneDepth.uasset" 222
"../../../Engine/Content/BufferVisualization/SceneDepthWorldUnits.uasset" 223
"../../../Engine/Content/BufferVisualization/SeparateTranslucencyA.uasset" 224
"../../../Engine/Content/BufferVisualization/SeparateTranslucencyRGB.uasset" 225
"../../../Engine/Content/BufferVisualization/Specular.uasset" 226
"../../../Engine/Content/BufferVisualization/SubsurfaceColor.uasset" 227
"../../../Engine/Content/BufferVisualization/Velocity.uasset" 228
"../../../Engine/Content/BufferVisualization/WorldNormal.uasset" 229
"../../../Engine/Content/EditorBlueprintResources/ActorMacros.uasset" 230
"../../../Engine/Content/EditorLandscapeResources/DataLayer.uasset" 231
"../../../Engine/Content/EditorLandscapeResources/DefaultAlphaTexture.uasset" 232
"../../../Engine/Content/EditorLandscapeResources/LandscapeGizmoHeight_Mat.uasset" 233
"../../../Engine/Content/EditorLandscapeResources/LandscapeGizmo_Mat.uasset" 234
"../../../Engine/Content/EditorLandscapeResources/LandscapeGizmo_Mat_Copied.uasset" 235
"../../../Engine/Content/EditorLandscapeResources/SplineEditorMeshMat.uasset" 236
"../../../Engine/Content/EditorLandscapeResources/SplineEditorMesh.uasset" 237
"../../../Engine/Content/EditorMaterials/Cross.uasset" 238
"../../../Engine/Content/EditorMaterials/Cross_Mat.uasset" 239
"../../../Engine/Content/EditorMaterials/GizmoMaterial.uasset" 240
"../../../Engine/Content/Functions/Engine_MaterialFunctions02/ExampleContent/Textures/flipbook.uasset" 241
"../../../Engine/Content/Functions/Engine_MaterialFunctions02/Texturing/FlipBook.uasset" 242
"../../../Engine/Content/Functions/Engine_MaterialFunctions02/Utility/Sign.uasset" 243
"../../../Engine/Content/Functions/Engine_MaterialFunctions02/Utility/Round.uasset" 244
"../../../Engine/Content/EditorResources/T_EditorHelp.uasset" 245
"../../../Engine/Content/EditorMaterials/HelpActorMaterial.uasset" 246
"../../../Engine/Content/EditorMaterials/CompositeARGBLayer.uasset" 247
"../../../Engine/Content/EditorMaterials/TilingAALineIntegral.uasset" 248
"../../../Engine/Content/EditorMaterials/TilingAALineBoxFiltered.uasset" 249
"../../../Engine/Content/Functions/Engine_MaterialFunctions03/Procedurals/ComputeFilterWidth.uasset" 250
"../../../Engine/Content/EditorMaterials/TilingAADots.uasset" 251
"../../../Engine/Content/EditorMaterials/TilingAAGrid.uasset" 252
"../../../Engine/Content/EditorMaterials/LevelGridMaterial.uasset" 253
"../../../Engine/Content/EditorMaterials/MakeCompositeARGBLayer.uasset" 254
"../../../Engine/Content/EditorResources/LevelGrid1DStripes.uasset" 255
"../../../Engine/Content/EditorMaterials/TextureGridCascaded1D.uasset" 256
"../../../Engine/Content/EditorMaterials/TextureGridCascaded2D.uasset" 257
"../../../Engine/Content/EditorMaterials/LevelGridMaterial2.uasset" 258
"../../../Engine/Content/EditorMaterials/MAT_Groups_Toggle.uasset" 259
"../../../Engine/Content/EditorMaterials/MAT_Groups_Visibility.uasset" 260
"../../../Engine/Content/EditorMaterials/PhAT_BoneSelectedMaterial.uasset" 261
"../../../Engine/Content/EditorMaterials/PhAT_ElemSelectedMaterial.uasset" 262
"../../../Engine/Content/EditorMaterials/PhAT_NoCollisionMaterial.uasset" 263
"../../../Engine/Content/EditorMaterials/PhAT_UnselectedMaterial.uasset" 264
"../../../Engine/Content/EditorMaterials/PreviewShadowIndicator.uasset" 265
"../../../Engine/Content/EditorMaterials/PreviewShadowIndicatorMaterial.uasset" 266
"../../../Engine/Content/EditorMaterials/TargetIcon.uasset" 267
"../../../Engine/Content/EditorMaterials/Tick.uasset" 268
"../../../Engine/Content/EditorMaterials/Tick_Mat.uasset" 269
"../../../Engine/Content/EditorMaterials/WidgetGridVertexColorMaterial.uasset" 270
"../../../Engine/Content/EditorMaterials/WidgetGridVertexColorMaterial_Ma.uasset" 271
"../../../Engine/Content/EditorMaterials/WidgetMaterial.uasset" 272
"../../../Engine/Content/EditorMaterials/WidgetMaterial_Current.uasset" 273
"../../../Engine/Content/EditorMaterials/WidgetMaterial_X.uasset" 274
"../../../Engine/Content/EditorMaterials/WidgetMaterial_Y.uasset" 275
"../../../Engine/Content/EditorMaterials/WidgetMaterial_Z.uasset" 276
"../../../Engine/Content/EditorMaterials/WidgetVertexColorMaterial.uasset" 277
"../../../Engine/Content/EditorMaterials/MatineeGroups/MAT_ColorTrack.uasset" 278
"../../../Engine/Content/EditorMaterials/MatineeGroups/MAT_Groups_Anim.uasset" 279
"../../../Engine/Content/EditorMaterials/MatineeGroups/MAT_Groups_AudioMaster.uasset" 280
"../../../Engine/Content/EditorMaterials/MatineeGroups/MAT_Groups_Director.uasset" 281
"../../../Engine/Content/EditorMaterials/MatineeGroups/MAT_Groups_Event.uasset" 282
"../../../Engine/Content/EditorMaterials/MatineeGroups/MAT_Groups_Fade.uasset" 283
"../../../Engine/Content/EditorMaterials/MatineeGroups/MAT_Groups_Float.uasset" 284
"../../../Engine/Content/EditorMaterials/MatineeGroups/MAT_Groups_Move.uasset" 285
"../../../Engine/Content/EditorMaterials/MatineeGroups/MAT_Groups_Slomo.uasset" 286
"../../../Engine/Content/EditorMaterials/MatineeGroups/MAT_Groups_Sound.uasset" 287
"../../../Engine/Content/EditorMaterials/MatineeGroups/MAT_Groups_Vector.uasset" 288
"../../../Engine/Content/EditorMaterials/ParticleSystems/PSysThumbnail_NoImage.uasset" 289
"../../../Engine/Content/EditorMaterials/ParticleSystems/PSysThumbnail_OOD.uasset" 290
"../../../Engine/Content/EngineMaterials/Grid.uasset" 291
"../../../Engine/Content/EditorMaterials/Thumbnails/FloorPlaneMaterial.uasset" 292
"../../../Engine/Content/EditorMeshes/EditorCube.uasset" 293
"../../../Engine/Content/EditorMeshes/EditorCylinder.uasset" 294
"../../../Engine/Content/EditorMeshes/EditorPlane.uasset" 295
"../../../Engine/Content/EditorMaterials/Thumbnails/SkySphereMaterial.uasset" 296
"../../../Engine/Content/EditorMeshes/EditorSkySphere.uasset" 297
"../../../Engine/Content/EditorMeshes/EditorSphere.uasset" 298
"../../../Engine/Content/EditorResources/MatineeCam_D.uasset" 299
"../../../Engine/Content/EditorMaterials/MatineeCam_mat.uasset" 300
"../../../Engine/Content/EditorMeshes/MatineeCam_SM.uasset" 301
"../../../Engine/Content/EditorMeshes/PlanarReflectionPlane.uasset" 302
"../../../Engine/Content/EditorMaterials/Camera/CineMat.uasset" 303
"../../../Engine/Content/EditorMaterials/Camera/MI_CineMat_CameraBody.uasset" 304
"../../../Engine/Content/EngineDebugMaterials/M_SimpleOpaque.uasset" 305
"../../../Engine/Content/EditorMaterials/Camera/MI_CineMat_CamViewFinder.uasset" 306
"../../../Engine/Content/EditorMeshes/Camera/SM_CineCam.uasset" 307
"../../../Engine/Content/EditorMaterials/Camera/MI_CineMat_Rig.uasset" 308
"../../../Engine/Content/EditorMeshes/Camera/SM_CraneRig_Arm.uasset" 309
"../../../Engine/Content/EditorMeshes/Camera/SM_CraneRig_Base.uasset" 310
"../../../Engine/Content/EditorMeshes/Camera/SM_CraneRig_Body.uasset" 311
"../../../Engine/Content/EditorMeshes/Camera/SM_CraneRig_Mount.uasset" 312
"../../../Engine/Content/EditorMeshes/Camera/SM_RailRig_Mount.uasset" 313
"../../../Engine/Content/EditorMeshes/Camera/SM_RailRig_Track.uasset" 314
"../../../Engine/Content/EditorMeshes/ColorCalibrator/M_ChromeBall.uasset" 315
"../../../Engine/Content/EditorResources/Bad.uasset" 316
"../../../Engine/Content/EditorResources/BSPVertex.uasset" 317
"../../../Engine/Content/EditorResources/EmptyActor.uasset" 318
"../../../Engine/Content/EditorResources/MatInstActSprite.uasset" 319
"../../../Engine/Content/EditorResources/SceneManager.uasset" 320
"../../../Engine/Content/EditorResources/SmallFont.uasset" 321
"../../../Engine/Content/EditorResources/S_Actor.uasset" 322
"../../../Engine/Content/EditorResources/S_DecalActorIcon.uasset" 323
"../../../Engine/Content/EditorResources/S_Emitter.uasset" 324
"../../../Engine/Content/EditorResources/S_ExpoHeightFog.uasset" 325
"../../../Engine/Content/EditorResources/S_FTest.uasset" 326
"../../../Engine/Content/EditorResources/S_KBSJoint.uasset" 327
"../../../Engine/Content/EditorResources/S_KHinge.uasset" 328
"../../../Engine/Content/EditorResources/S_KPrismatic.uasset" 329
"../../../Engine/Content/EditorResources/S_LevelSequence.uasset" 330
"../../../Engine/Content/EditorResources/S_NavP.uasset" 331
"../../../Engine/Content/EditorResources/S_Note.uasset" 332
"../../../Engine/Content/EditorResources/S_Player.uasset" 333
"../../../Engine/Content/EditorResources/S_PortalActorIcon2.uasset" 334
"../../../Engine/Content/EditorResources/S_RadForce.uasset" 335
"../../../Engine/Content/EditorResources/S_ReflActorIcon.uasset" 336
"../../../Engine/Content/EditorResources/S_Solver.uasset" 337
"../../../Engine/Content/EditorResources/S_Terrain.uasset" 338
"../../../Engine/Content/EditorResources/S_TextRenderActorIcon.uasset" 339
"../../../Engine/Content/EditorResources/S_Thruster.uasset" 340
"../../../Engine/Content/EditorResources/S_Trigger.uasset" 341
"../../../Engine/Content/EditorResources/S_VectorFieldVol.uasset" 342
"../../../Engine/Content/EditorResources/S_WindDirectional.uasset" 343
"../../../Engine/Content/EditorResources/AI/S_NavLink.uasset" 344
"../../../Engine/Content/EditorResources/LightIcons/SkyLight.uasset" 345
"../../../Engine/Content/EditorResources/LightIcons/S_LightDirectional.uasset" 346
"../../../Engine/Content/EditorResources/LightIcons/S_LightDirectionalMove.uasset" 347
"../../../Engine/Content/EditorResources/LightIcons/S_LightError.uasset" 348
"../../../Engine/Content/EditorResources/LightIcons/S_LightPoint.uasset" 349
"../../../Engine/Content/EditorResources/LightIcons/S_LightPointMove.uasset" 350
"../../../Engine/Content/EditorResources/LightIcons/S_LightSpot.uasset" 351
"../../../Engine/Content/EditorResources/LightIcons/S_LightSpotMove.uasset" 352
"../../../Engine/Content/EditorResources/SequenceRecorder/Countdown.uasset" 353
"../../../Engine/Content/EditorResources/SequenceRecorder/RecordingIndicator.uasset" 354
"../../../Engine/Content/EditorResources/Spline/T_Loft_Spline.uasset" 355
"../../../Engine/Content/EditorSounds/Notifications/CompileFailed.uasset" 356
"../../../Engine/Content/EditorSounds/Notifications/CompileFailed_Cue.uasset" 357
"../../../Engine/Content/EditorSounds/Notifications/CompileSuccess.uasset" 358
"../../../Engine/Content/EditorSounds/Notifications/CompileStart_Cue.uasset" 359
"../../../Engine/Content/EditorSounds/Notifications/CompileSuccess_Cue.uasset" 360
"../../../Engine/Content/EngineDamageTypes/DmgTypeBP_Environmental.uasset" 361
"../../../Engine/Content/EngineDebugMaterials/HeatmapGradient.uasset" 362
"../../../Engine/Content/EngineDebugMaterials/BoneWeightMaterial.uasset" 363
"../../../Engine/Content/EngineDebugMaterials/ClothMaterial.uasset" 364
"../../../Engine/Content/EngineDebugMaterials/ClothMaterial_WF.uasset" 365
"../../../Engine/Content/EngineDebugMaterials/DebugEditorMaterial.uasset" 366
"../../../Engine/Content/EngineDebugMaterials/DebugMeshMaterial.uasset" 367
"../../../Engine/Content/EngineDebugMaterials/GeomMaterial.uasset" 368
"../../../Engine/Content/Functions/Engine_MaterialFunctions01/Shading/ConvertFromDiffSpec.uasset" 369
"../../../Engine/Content/EngineDebugMaterials/LevelColorationLitMaterial.uasset" 370
"../../../Engine/Content/EngineDebugMaterials/LevelColorationUnlitMaterial.uasset" 371
"../../../Engine/Content/EngineMaterials/DefaultWhiteGrid.uasset" 372
"../../../Engine/Content/EngineDebugMaterials/MAT_LevelColorationLitLightmapUV.uasset" 373
"../../../Engine/Content/EngineDebugMaterials/M_SimpleTranslucent.uasset" 374
"../../../Engine/Content/Functions/Engine_MaterialFunctions02/Utility/CameraDirectionVector.uasset" 375
"../../../Engine/Content/EngineDebugMaterials/VolumeToRender.uasset" 376
"../../../Engine/Content/EngineDebugMaterials/M_VolumeRenderSphereTracePP.uasset" 377
"../../../Engine/Content/EngineDebugMaterials/ShadedLevelColorationLitMaterial.uasset" 378
"../../../Engine/Content/EngineDebugMaterials/ShadedLevelColorationUnlitMateri.uasset" 379
"../../../Engine/Content/EngineDebugMaterials/VertexColorMaterial.uasset" 380
"../../../Engine/Content/EngineDebugMaterials/VertexColorViewMode_AlphaAsColor.uasset" 381
"../../../Engine/Content/EngineDebugMaterials/VertexColorViewMode_BlueOnly.uasset" 382
"../../../Engine/Content/EngineDebugMaterials/VertexColorViewMode_ColorOnly.uasset" 383
"../../../Engine/Content/EngineDebugMaterials/VertexColorViewMode_GreenOnly.uasset" 384
"../../../Engine/Content/EngineDebugMaterials/VertexColorViewMode_RedOnly.uasset" 385
"../../../Engine/Content/EngineDebugMaterials/WireframeMaterial.uasset" 386
"../../../Engine/Content/EngineFonts/Faces/RobotoBold.uasset" 387
"../../../Engine/Content/EngineFonts/Faces/RobotoBoldItalic.uasset" 388
"../../../Engine/Content/EngineFonts/Faces/RobotoItalic.uasset" 389
"../../../Engine/Content/EngineFonts/Faces/RobotoLight.uasset" 390
"../../../Engine/Content/EngineFonts/Faces/RobotoRegular.uasset" 391
"../../../Engine/Content/EngineFonts/Roboto.uasset" 392
"../../../Engine/Content/EngineFonts/Faces/RobotoTiny.uasset" 393
"../../../Engine/Content/EngineFonts/RobotoTiny.uasset" 394
"../../../Engine/Content/EngineFonts/SmallFont.uasset" 395
"../../../Engine/Content/EngineFonts/TinyFont.uasset" 396
"../../../Engine/Content/EngineMaterials/BaseFlattenDiffuseMap.uasset" 397
"../../../Engine/Content/EngineMaterials/BaseFlattenEmissiveMap.uasset" 398
"../../../Engine/Content/EngineMaterials/BaseFlattenGrayscaleMap.uasset" 399
"../../../Engine/Content/EngineMaterials/BaseFlattenNormalMap.uasset" 400
"../../../Engine/Content/EngineMaterials/BaseFlattenMaterial.uasset" 401
"../../../Engine/Content/EngineResources/WhiteSquareTexture.uasset" 402
"../../../Engine/Content/EngineMaterials/BlinkingCaret.uasset" 403
"../../../Engine/Content/EngineMaterials/BlueNoise.uasset" 404
"../../../Engine/Content/EngineMaterials/DefaultBloomKernel.uasset" 405
"../../../Engine/Content/EngineMaterials/DefaultBokeh.uasset" 406
"../../../Engine/Content/EngineMaterials/DefaultDiffuse.uasset" 407
"../../../Engine/Content/EngineMaterials/DefaultDeferredDecalMaterial.uasset" 408
"../../../Engine/Content/EngineMaterials/DefaultLightFunctionMaterial.uasset" 409
"../../../Engine/Content/EngineMaterials/DefaultNormal.uasset" 410
"../../../Engine/Content/EngineMaterials/DefaultPostProcessMaterial.uasset" 411
"../../../Engine/Content/EngineFonts/RobotoDistanceField.uasset" 412
"../../../Engine/Content/EngineMaterials/DefaultTextMaterialOpaque.uasset" 413
"../../../Engine/Content/EngineMaterials/DefaultVirtualTextureMaterial.uasset" 414
"../../../Engine/Content/EngineMaterials/EditorBrushMaterial.uasset" 415
"../../../Engine/Content/EngineMaterials/DefaultWhiteGrid_Low.uasset" 416
"../../../Engine/Content/EngineMaterials/EmissiveMeshMaterial.uasset" 417
"../../../Engine/Content/EngineMaterials/Good64x64TilingNoiseHighFreq.uasset" 418
"../../../Engine/Content/EngineMaterials/Grid_N.uasset" 419
"../../../Engine/Content/EngineMaterials/HighResolutionScreenshotMaskFunction.uasset" 420
"../../../Engine/Content/EngineMaterials/HighResScreenshot.uasset" 421
"../../../Engine/Content/EngineMaterials/HighResScreenshotCaptureRegion.uasset" 422
"../../../Engine/Content/EngineMaterials/HighResScreenshotMask.uasset" 423
"../../../Engine/Content/EngineMaterials/LandscapeHolePhysicalMaterial.uasset" 424
"../../../Engine/Content/EngineMaterials/InvalidLightmapSettings.uasset" 425
"../../../Engine/Content/EngineMaterials/M_InvalidLightmapSettings.uasset" 426
"../../../Engine/Content/EngineMaterials/PaperDiffuse.uasset" 427
"../../../Engine/Content/EngineMaterials/PaperNormal.uasset" 428
"../../../Engine/Content/Functions/Engine_MaterialFunctions02/WorldPositionOffset/CameraOffset.uasset" 429
"../../../Engine/Content/EngineMaterials/PhAT_JointLimitMaterial.uasset" 430
"../../../Engine/Content/EngineMaterials/PhysMat_Rubber.uasset" 431
"../../../Engine/Content/EngineMaterials/PreintegratedSkinBRDF.uasset" 432
"../../../Engine/Content/EngineMaterials/RemoveSurfaceMaterial.uasset" 433
"../../../Engine/Content/EngineMaterials/WeightMapPlaceholderTexture.uasset" 434
"../../../Engine/Content/EngineMaterials/Widget3DPassThrough.uasset" 435
"../../../Engine/Content/EngineMaterials/Widget3DPassThrough_Masked.uasset" 436
"../../../Engine/Content/EngineMaterials/Widget3DPassThrough_Opaque.uasset" 437
"../../../Engine/Content/EngineMaterials/Widget3DPassThrough_Masked_OneSided.uasset" 438
"../../../Engine/Content/EngineMaterials/Widget3DPassThrough_Opaque_OneSided.uasset" 439
"../../../Engine/Content/EngineMaterials/Widget3DPassThrough_Translucent.uasset" 440
"../../../Engine/Content/EngineMaterials/Widget3DPassThrough_Translucent_OneSided.uasset" 441
"../../../Engine/Content/EngineMeshes/Cylinder.uasset" 442
"../../../Engine/Content/EngineMeshes/Sphere.uasset" 443
"../../../Engine/Content/EngineResources/DefaultTextureCube.uasset" 444
"../../../Engine/Content/EngineResources/DefaultVolumeTexture2D.uasset" 445
"../../../Engine/Content/EngineResources/DefaultVolumeTexture.uasset" 446
"../../../Engine/Content/EngineResources/GradientTexture0.uasset" 447
"../../../Engine/Content/EngineResources/StreamingPauseIcon.uasset" 448
"../../../Engine/Content/EngineResources/M_StreamingPause.uasset" 449
"../../../Engine/Content/EngineSounds/Master.uasset" 450
"../../../Engine/Content/Functions/Engine_MaterialFunctions01/Shading/PowerToRoughness.uasset" 451
"../../../Engine/Content/Maps/Templates/Thumbnails/Default.uasset" 452
"../../../Engine/Content/Maps/Templates/Thumbnails/VR-Basic.uasset" 453
"../../../Engine/Content/MapTemplates/Sky/DaylightAmbientCubemap.uasset" 454
"../../../Engine/Content/MobileResources/T_MobileControls_texture.uasset" 455
"../../../Engine/Content/MobileResources/T_MobileMenu2.uasset" 456
"../../../Engine/Content/MobileResources/HUD/AnalogHat.uasset" 457
"../../../Engine/Content/MobileResources/HUD/VirtualJoystick_Background.uasset" 458
"../../../Engine/Content/MobileResources/HUD/VirtualJoystick_Thumb.uasset" 459
"../../../Engine/Content/MobileResources/HUD/DefaultVirtualJoysticks.uasset" 460
"../../../Engine/Content/MobileResources/HUD/LeftVirtualJoystickOnly.uasset" 461
"../../../Engine/Content/MobileResources/HUD/MobileHUDButton1_off.uasset" 462
"../../../Engine/Content/MobileResources/HUD/MobileHUDButton1_on.uasset" 463
"../../../Engine/Content/MobileResources/HUD/MobileHUDButton2_off.uasset" 464
"../../../Engine/Content/MobileResources/HUD/MobileHUDButton2_on.uasset" 465
"../../../Engine/Content/MobileResources/HUD/MobileHUDButton3.uasset" 466
"../../../Engine/Content/MobileResources/HUD/MobileHUDButtonFire.uasset" 467
"../../../Engine/Content/MobileResources/HUD/MobileHUDDirectionPad.uasset" 468
"../../../Engine/Content/MobileResources/HUD/MobileHUDDirectionPad2.uasset" 469
"../../../Engine/Content/MobileResources/HUD/MobileHUDDirectionPad3.uasset" 470
"../../../Engine/Content/MobileResources/HUD/MobileHUDDirectionStick.uasset" 471
"../../../Engine/Content/MobileResources/HUD/T_Castle_ThumbstickInner.uasset" 472
"../../../Engine/Content/MobileResources/HUD/T_Castle_ThumbstickOutter.uasset" 473
"../../../Engine/Content/Tutorial/ContentIntroCurve.uasset" 474
"../../../Engine/Content/Tutorial/Basics/LevelEditorAttract.uasset" 475
"../../../Engine/Content/Tutorial/Basics/TutorialAssets/icon_tab_Levels_40x.uasset" 476
"../../../Engine/Content/Tutorial/Basics/LevelEditorOverview.uasset" 477
"../../../Engine/Content/Tutorial/BlueprintTutorials/TutorialAssets/Blueprint_64x.uasset" 478
"../../../Engine/Content/Tutorial/BlueprintTutorials/BlueprintEditorTutorial.uasset" 479
"../../../Engine/Content/Tutorial/BlueprintTutorials/TutorialAssets/Tutorial_BP_MacroLib.uasset" 480
"../../../Engine/Content/Tutorial/Landscape/TutorialAssets/Landscape.uasset" 481
"../../../Engine/Content/Tutorial/Landscape/LandscapeWalkThrough.uasset" 482
"../../../Engine/Content/Tutorial/Landscape/Landscape_Manage_Mode.uasset" 483
"../../../Engine/Content/Tutorial/Landscape/Landscape_Painting_Mode.uasset" 484
"../../../Engine/Content/Tutorial/Landscape/Landscape_Sculpt_Mode.uasset" 485
"../../../Engine/Content/VREditor/LaserPointer/VR_LaserPower_01.uasset" 486
"../../../Engine/Content/VREditor/TransformGizmo/TransformGizmoMaterial.uasset" 487
"../../../Engine/Content/VREditor/TransformGizmo/TranslucentTransformGizmoMaterial.uasset" 488
"../../../Engine/Content/VREditor/TransformGizmo/BoundingBoxCorner.uasset" 489
"../../../Engine/Content/VREditor/TransformGizmo/BoundingBoxEdge.uasset" 490
"../../../Engine/Content/VREditor/TransformGizmo/PlaneTranslationHandle.uasset" 491
"../../../Engine/Content/VREditor/TransformGizmo/Main.uasset" 492
"../../../Engine/Content/VREditor/TransformGizmo/Xray.uasset" 493
"../../../Engine/Content/VREditor/TransformGizmo/SM_Sequencer_Key.uasset" 494
"../../../Engine/Content/VREditor/TransformGizmo/SM_Sequencer_Node.uasset" 495
"../../../../../Unreal/SRPG/SRPG/Content/CustomContent/Blueprints/Battle/BP_BattlePawn.uasset" 496
"../../../../../Unreal/SRPG/SRPG/Content/CustomContent/Blueprints/Battle/BP_BattleGameMode.uasset" 497
"../../../../../Unreal/SRPG/SRPG/Content/CustomContent/DataTables/Items_DataTable_SS.uasset" 498
"../../../../../Unreal/SRPG/SRPG/Content/CustomContent/UI/Battle/Player/UMG_ItemsRow.uasset" 499
"../../../../../Unreal/SRPG/SRPG/Content/CustomContent/UI/Battle/Player/UMG_SkillsRow.uasset" 500
"../../../../../Unreal/SRPG/SRPG/Content/CustomContent/UI/Battle/Player/UMG_PlayerCharacterUMG.uasset" 501
"../../../../../Unreal/SRPG/SRPG/Content/Marketplace/PolygonCity/Meshes/Characters/SK_Character_Male_Jacket_PhysicsAsset.uasset" 502
"../../../../../Unreal/SRPG/SRPG/Content/Marketplace/PolygonCity/Meshes/Characters/SK_Character_Male_Jacket.uasset" 503
"../../../../../Unreal/SRPG/SRPG/Content/CustomContent/Blueprints/Battle/BP_GridCharacter_5.uasset" 504
"../../../../../Unreal/SRPG/SRPG/Content/Marketplace/PolygonCity/Meshes/Characters/SK_Character_Female_Coat_PhysicsAsset.uasset" 505
"../../../../../Unreal/SRPG/SRPG/Content/Marketplace/PolygonCity/Meshes/Characters/SK_Character_Female_Coat.uasset" 506
"../../../../../Unreal/SRPG/SRPG/Content/CustomContent/Blueprints/Battle/BP_GridCharacter_7.uasset" 507
"../../../../../Unreal/SRPG/SRPG/Content/CustomContent/Meshes/Conversion/Converted/SK_Knights.uasset" 508
"../../../../../Unreal/SRPG/SRPG/Content/CustomContent/Animations/Battle/SwordAndShield/Knights/Sword_And_Shield_Death.uasset" 509
"../../../../../Unreal/SRPG/SRPG/Content/CustomContent/Animations/Battle/SwordAndShield/Knights/Sword_And_Shield_Hit.uasset" 510
"../../../../../Unreal/SRPG/SRPG/Content/Marketplace/AdvancedMagicFX12/Materials/M_ky_trail_sword_attribute.uasset" 511
"../../../../../Unreal/SRPG/SRPG/Content/Marketplace/AdvancedMagicFX12/Materials/MI_ky_trail_sword_fire.uasset" 512
"../../../../../Unreal/SRPG/SRPG/Content/Marketplace/AdvancedMagicFX12/particles/P_ky_trail_fire.uasset" 513
"../../../../../Unreal/SRPG/SRPG/Content/CustomContent/Animations/Battle/SwordAndShield/Knights/Sword_And_Shield_Slash.uasset" 514
"../../../../../Unreal/SRPG/SRPG/Content/Marketplace/AdvancedMagicFX12/Materials/M_ky_trail_sword_primitive.uasset" 515
"../../../../../Unreal/SRPG/SRPG/Content/Marketplace/AdvancedMagicFX12/particles/P_ky_trail_primitive.uasset" 516
"../../../../../Unreal/SRPG/SRPG/Content/CustomContent/Animations/Battle/SwordAndShield/Knights/Sword_And_Shield_Slash_2.uasset" 517
"../../../../../Unreal/SRPG/SRPG/Content/CustomContent/Animations/Battle/SwordAndShield/Knights/SwordAndShield_Item.uasset" 518
"../../../../../Unreal/SRPG/SRPG/Content/CustomContent/Animations/Battle/SwordAndShield/Knights/SwordAndShield_Miss.uasset" 519
"../../../../../Unreal/SRPG/SRPG/Content/CustomContent/Animations/Battle/SwordAndShield/Knights/SwordAndShield_StatDecrease.uasset" 520
"../../../../../Unreal/SRPG/SRPG/Content/CustomContent/Animations/Battle/SwordAndShield/Knights/Sword_And_Shield_Idle.uasset" 521
"../../../../../Unreal/SRPG/SRPG/Content/CustomContent/Animations/Battle/SwordAndShield/Knights/Sword_And_Shield_Walk.uasset" 522
"../../../../../Unreal/SRPG/SRPG/Content/CustomContent/Animations/Battle/SwordAndShield/Knights/IdleWalkBlendSpace.uasset" 523
"../../../../../Unreal/SRPG/SRPG/Content/CustomContent/Animations/Battle/SwordAndShield/Knights/ANIM_Knights_SwordAndShield.uasset" 524
"../../../../../Unreal/SRPG/SRPG/Content/Marketplace/PolygonKnights/Textures/Tex_Knight_01.uasset" 525
"../../../../../Unreal/SRPG/SRPG/Content/Marketplace/PolygonKnights/Materials/Mat_PolyKnights_01.uasset" 526
"../../../../../Unreal/SRPG/SRPG/Content/Marketplace/PolygonKnights/Meshes/Weapons/SM_Wep_Broadsword_01.uasset" 527
"../../../../../Unreal/SRPG/SRPG/Content/CustomContent/Blueprints/Battle/Weapons/BP_BroadSword.uasset" 528
"../../../../../Unreal/SRPG/SRPG/Content/Marketplace/PolygonKnights/Meshes/Weapons/SM_Wep_Shield_02.uasset" 529
"../../../../../Unreal/SRPG/SRPG/Content/CustomContent/Blueprints/Battle/Weapons/BP_Shield0.uasset" 530
"../../../../../Unreal/SRPG/SRPG/Content/Marketplace/PolygonKnights/Textures/TEX_Characters_Blue.uasset" 531
"../../../../../Unreal/SRPG/SRPG/Content/Marketplace/PolygonKnights/Materials/Mat_Character_Knight_Blue.uasset" 532
"../../../../../Unreal/SRPG/SRPG/Content/Marketplace/PolygonKnights/Meshes/Characters_Updated_Rig/SK_Character_Knight_01_PhysicsAsset.uasset" 533
"../../../../../Unreal/SRPG/SRPG/Content/Marketplace/PolygonKnights/Meshes/Characters_Updated_Rig/SK_Character_Knight_01.uasset" 534
"../../../../../Unreal/SRPG/SRPG/Content/CustomContent/Blueprints/Battle/BP_GridCharacter_8.uasset" 535
"../../../../../Unreal/SRPG/SRPG/Content/CustomContent/Rendering/Textures/BattleCharacters/Player/Businessman.uasset" 536
"../../../../../Unreal/SRPG/SRPG/Content/CustomContent/Rendering/Materials/BattleCharacters/MAT_Businessman.uasset" 537
"../../../../../Unreal/SRPG/SRPG/Content/CustomContent/Rendering/Materials/BattleCharacters/MAT_CoatFemale.uasset" 538
"../../../../../Unreal/SRPG/SRPG/Content/CustomContent/Rendering/Textures/BattleCharacters/Player/JacketDude.uasset" 539
"../../../../../Unreal/SRPG/SRPG/Content/CustomContent/Rendering/Materials/BattleCharacters/MAT_JacketDude.uasset" 540
"../../../../../Unreal/SRPG/SRPG/Content/CustomContent/UI/Battle/BattleManager/UMG_DefeatScreen.uasset" 541
"../../../../../Unreal/SRPG/SRPG/Content/CustomContent/UI/Battle/BattleManager/UMG_VictoryRow.uasset" 542
"../../../../../Unreal/SRPG/SRPG/Content/CustomContent/UI/Battle/BattleManager/UMG_VictoryScreen.uasset" 543
"../../../../../Unreal/SRPG/SRPG/Content/Marketplace/AdvancedMagicFX13/Textures/T_ky_deco_doom.uasset" 544
"../../../../../Unreal/SRPG/SRPG/Content/Marketplace/AdvancedMagicFX13/Materials/M_ky_aura9.uasset" 545
"../../../../../Unreal/SRPG/SRPG/Content/Marketplace/AdvancedMagicFX13/Textures/T_ky_dust02.uasset" 546
"../../../../../Unreal/SRPG/SRPG/Content/Marketplace/AdvancedMagicFX13/Textures/T_ky_noise13_sml_nor.uasset" 547
"../../../../../Unreal/SRPG/SRPG/Content/Marketplace/AdvancedMagicFX13/Materials/M_ky_dust02.uasset" 548
"../../../../../Unreal/SRPG/SRPG/Content/Marketplace/AdvancedMagicFX13/Materials/MI_ky_flareVertical02.uasset" 549
"../../../../../Unreal/SRPG/SRPG/Content/Marketplace/AdvancedMagicFX13/Meshes/SM_ky_circleDist5.uasset" 550
"../../../../../Unreal/SRPG/SRPG/Content/Marketplace/AdvancedMagicFX13/Particles/P_ky_burst.uasset" 551
"../../../../../Unreal/SRPG/SRPG/Content/Marketplace/AdvancedMagicFX13/Textures/T_ky_smoke1.uasset" 552
"../../../../../Unreal/SRPG/SRPG/Content/Marketplace/AdvancedMagicFX13/Materials/M_ky_gaseous03.uasset" 553
"../../../../../Unreal/SRPG/SRPG/Content/Marketplace/AdvancedMagicFX13/Textures/T_ky_noise16.uasset" 554
"../../../../../Unreal/SRPG/SRPG/Content/Marketplace/AdvancedMagicFX13/Textures/T_ky_noise4.uasset" 555
"../../../../../Unreal/SRPG/SRPG/Content/Marketplace/AdvancedMagicFX13/Materials/M_ky_shockwave08.uasset" 556
"../../../../../Unreal/SRPG/SRPG/Content/Marketplace/AdvancedMagicFX13/Materials/MI_ky_starDust_sq.uasset" 557
"../../../../../Unreal/SRPG/SRPG/Content/Marketplace/AdvancedMagicFX13/Meshes/SM_ky_circle_midpoly.uasset" 558
"../../../../../Unreal/SRPG/SRPG/Content/Marketplace/AdvancedMagicFX13/Particles/P_ky_explosion1.uasset" 559
"../../../../../Unreal/SRPG/SRPG/Content/Marketplace/AdvancedMagicFX13/Materials/M_ky_circle04.uasset" 560
"../../../../../Unreal/SRPG/SRPG/Content/Marketplace/AdvancedMagicFX13/Textures/T_ky_dust01.uasset" 561
"../../../../../Unreal/SRPG/SRPG/Content/Marketplace/AdvancedMagicFX13/Materials/M_ky_dust01.uasset" 562
"../../../../../Unreal/SRPG/SRPG/Content/Marketplace/AdvancedMagicFX13/Textures/T_ky_fire01.uasset" 563
"../../../../../Unreal/SRPG/SRPG/Content/Marketplace/AdvancedMagicFX13/Materials/M_ky_fire03b.uasset" 564
"../../../../../Unreal/SRPG/SRPG/Content/Marketplace/AdvancedMagicFX13/Materials/MI_ky_fire03b.uasset" 565
"../../../../../Unreal/SRPG/SRPG/Content/Marketplace/AdvancedMagicFX13/Meshes/SM_ky_circle_inv.uasset" 566
"../../../../../Unreal/SRPG/SRPG/Content/Marketplace/AdvancedMagicFX13/Meshes/SM_ky_sphere.uasset" 567
"../../../../../Unreal/SRPG/SRPG/Content/Marketplace/AdvancedMagicFX13/Particles/P_ky_gaither.uasset" 568
"../../../../../Unreal/SRPG/SRPG/Content/Marketplace/AdvancedMagicFX13/Textures/T_ky_smoke03.uasset" 569
"../../../../../Unreal/SRPG/SRPG/Content/Marketplace/AdvancedMagicFX13/Materials/M_ky_auraWall02.uasset" 570
"../../../../../Unreal/SRPG/SRPG/Content/Marketplace/AdvancedMagicFX13/Materials/MI_ky_flare14B.uasset" 571
"../../../../../Unreal/SRPG/SRPG/Content/Marketplace/AdvancedMagicFX13/Materials/MI_ky_primitiveColorB.uasset" 572
"../../../../../Unreal/SRPG/SRPG/Content/Marketplace/AdvancedMagicFX13/Meshes/SM_ky_cylinderBend06.uasset" 573
"../../../../../Unreal/SRPG/SRPG/Content/Marketplace/AdvancedMagicFX13/Meshes/SM_ky_windLine30.uasset" 574
"../../../../../Unreal/SRPG/SRPG/Content/Marketplace/AdvancedMagicFX13/Particles/P_ky_heal2.uasset" 575
"../../../../../Unreal/SRPG/SRPG/Content/Marketplace/AdvancedMagicFX13/Materials/MI_ky_flare14R.uasset" 576
"../../../../../Unreal/SRPG/SRPG/Content/Marketplace/AdvancedMagicFX13/Particles/P_ky_impact.uasset" 577
"../../../../../Unreal/SRPG/SRPG/Content/Marketplace/FXVarietyPack/Materials/M_ky_waterDust02.uasset" 578
"../../../../../Unreal/SRPG/SRPG/Content/Marketplace/FXVarietyPack/Materials/Mfunction/MF_ky_VectorToRadialValue.uasset" 579
"../../../../../Unreal/SRPG/SRPG/Content/Marketplace/FXVarietyPack/Textures/T_ky_decoLines.uasset" 580
"../../../../../Unreal/SRPG/SRPG/Content/Marketplace/FXVarietyPack/Textures/T_ky_decoLinesB.uasset" 581
"../../../../../Unreal/SRPG/SRPG/Content/Marketplace/FXVarietyPack/Materials/M_ky_polar.uasset" 582
"../../../../../Unreal/SRPG/SRPG/Content/Marketplace/FXVarietyPack/Materials/MI_ky_polar_two.uasset" 583
"../../../../../Unreal/SRPG/SRPG/Content/Marketplace/FXVarietyPack/Meshes/SM_ky_quad_centerRot.uasset" 584
"../../../../../Unreal/SRPG/SRPG/Content/Marketplace/FXVarietyPack/Particles/P_ky_waterBallHit.uasset" 585
"../../../../../Unreal/SRPG/SRPG/Content/CustomContent/Blueprints/Battle/BP_BattleManager.uasset" 586
"../../../Engine/Content/Animation/DefaultAnimCurveCompressionSettings.uasset" 587
"../../../Engine/Content/ArtTools/RenderToTexture/Enums/RenderToTexture_Enum.uasset" 588
"../../../Engine/Content/ArtTools/RenderToTexture/Enums/RenderToTexture_Flipbook_Enum.uasset" 589
"../../../../../Unreal/SRPG/SRPG/Content/Marketplace/AdvancedMagicFX12/DemoRoomData/Blueprints/BP_DemoDisplay_Enum.uasset" 590
"../../../../../Unreal/SRPG/SRPG/Content/Marketplace/AdvancedMagicFX12/DemoRoomData/Blueprints/BP_DemoRoom_Enum.uasset" 591
"../../../../../Unreal/SRPG/SRPG/Content/Marketplace/AdvancedMagicFX13/DemoRoomData/Blueprints/BP_DemoDisplay_Enum.uasset" 592
"../../../../../Unreal/SRPG/SRPG/Content/Marketplace/AdvancedMagicFX13/DemoRoomData/Blueprints/BP_DemoRoom_Enum.uasset" 593
"../../../../../Unreal/SRPG/SRPG/Content/Marketplace/FXVarietyPack/EpicContent/Blueprints/BP_DemoDisplay_Enum.uasset" 594
"../../../../../Unreal/SRPG/SRPG/Content/Marketplace/FXVarietyPack/EpicContent/Blueprints/BP_DemoRoom_Enum.uasset" 595
"../../../../../Unreal/SRPG/SRPG/Content/Marketplace/Particles_Wind_Control_System/Blueprints/Enumerations/P_Leaves_Enum.uasset" 596
"../../../../../Unreal/SRPG/SRPG/Content/Marketplace/Particles_Wind_Control_System/Blueprints/Components/Interface_Wind_Particle_True.uasset" 597
"../../../../../Unreal/SRPG/SRPG/Content/Marketplace/Particles_Wind_Control_System/Textures/T_particles.uasset" 598
"../../../../../Unreal/SRPG/SRPG/Content/Marketplace/Particles_Wind_Control_System/Blueprints/BP_Paticle_wind_settings.uasset" 599
"../../../../../Unreal/SRPG/SRPG/Content/Marketplace/Particles_Wind_Control_System/Blueprints/Macros/Wind_Info_Update_Macro.uasset" 600
"../../../../../Unreal/SRPG/SRPG/Content/Marketplace/PolygonCity/Materials/Mat_Overview_Ground.uasset" 601
"../../../../../Unreal/SRPG/SRPG/Content/TopDownCPP/Blueprints/M_Cursor_Decal.uasset" 602
"../../../../../Unreal/SRPG/SRPG/Content/Mannequin/Character/Mesh/UE4_Mannequin_Skeleton.uasset" 603
"../../../../../Unreal/SRPG/SRPG/Content/Mannequin/Animations/ThirdPerson_Jump.uasset" 604
"../../../../../Unreal/SRPG/SRPG/Content/Mannequin/Animations/ThirdPersonJump_Loop.uasset" 605
"../../../../../Unreal/SRPG/SRPG/Content/Mannequin/Animations/ThirdPersonJump_Start.uasset" 606
"../../../../../Unreal/SRPG/SRPG/Content/Mannequin/Animations/ThirdPersonIdle.uasset" 607
"../../../../../Unreal/SRPG/SRPG/Content/Mannequin/Animations/ThirdPersonRun.uasset" 608
"../../../../../Unreal/SRPG/SRPG/Content/Mannequin/Animations/ThirdPersonWalk.uasset" 609
"../../../../../Unreal/SRPG/SRPG/Content/Mannequin/Animations/ThirdPerson_IdleRun_2D.uasset" 610
"../../../../../Unreal/SRPG/SRPG/Content/Mannequin/Animations/ThirdPerson_AnimBP.uasset" 611
"../../../Engine/Content/Functions/Engine_MaterialFunctions02/Utility/BlendAngleCorrectedNormals.uasset" 612
"../../../Engine/Content/Functions/MaterialLayerFunctions/MatLayerBlend_NormalBlend.uasset" 613
"../../../Engine/Content/Functions/MaterialLayerFunctions/MatLayerBlend_Simple.uasset" 614
"../../../../../Unreal/SRPG/SRPG/Content/Mannequin/Character/Materials/MaterialLayers/T_ML_Rubber_Blue_01_D.uasset" 615
"../../../../../Unreal/SRPG/SRPG/Content/Mannequin/Character/Materials/MaterialLayers/T_ML_Rubber_Blue_01_N.uasset" 616
"../../../../../Unreal/SRPG/SRPG/Content/Mannequin/Character/Materials/MaterialLayers/ML_GlossyBlack_Latex_UE4.uasset" 617
"../../../../../Unreal/SRPG/SRPG/Content/Mannequin/Character/Materials/MaterialLayers/ML_Plastic_Shiny_Beige.uasset" 618
"../../../../../Unreal/SRPG/SRPG/Content/Mannequin/Character/Textures/UE4_LOGO_CARD.uasset" 619
"../../../../../Unreal/SRPG/SRPG/Content/Mannequin/Character/Materials/MaterialLayers/ML_Plastic_Shiny_Beige_LOGO.uasset" 620
"../../../../../Unreal/SRPG/SRPG/Content/Mannequin/Character/Materials/MaterialLayers/T_ML_Aluminum01.uasset" 621
"../../../../../Unreal/SRPG/SRPG/Content/Mannequin/Character/Materials/MaterialLayers/T_ML_Aluminum01_N.uasset" 622
"../../../../../Unreal/SRPG/SRPG/Content/Mannequin/Character/Materials/MaterialLayers/ML_SoftMetal_UE4.uasset" 623
"../../../../../Unreal/SRPG/SRPG/Content/Mannequin/Character/Textures/UE4_Mannequin__normals.uasset" 624
"../../../../../Unreal/SRPG/SRPG/Content/Mannequin/Character/Textures/UE4_Mannequin_MAT_MASKA.uasset" 625
"../../../../../Unreal/SRPG/SRPG/Content/Mannequin/Character/Materials/M_UE4Man_Body.uasset" 626
"../../../../../Unreal/SRPG/SRPG/Content/Mannequin/Character/Textures/UE4Man_Logo_N.uasset" 627
"../../../../../Unreal/SRPG/SRPG/Content/Mannequin/Character/Materials/M_UE4Man_ChestLogo.uasset" 628
"../../../../../Unreal/SRPG/SRPG/Content/Mannequin/Character/Mesh/SK_Mannequin_PhysicsAsset.uasset" 629
"../../../../../Unreal/SRPG/SRPG/Content/Mannequin/Character/Mesh/SK_Mannequin.uasset" 630
"../../../../../Unreal/SRPG/SRPG/Content/TopDownCPP/Blueprints/TopDownCharacter.uasset" 631
"../../Plugins/2D/Paper2D/Content/PlaceholderTextures/DummySpriteTexture.uasset" 632
"../../Plugins/2D/Paper2D/Content/DummySprite.uasset" 633
"../../Plugins/2D/Paper2D/Content/DefaultPaperTerrainMaterial.uasset" 634
"../../Plugins/2D/Paper2D/Content/DefaultSpriteMaterial.uasset" 635
"../../Plugins/2D/Paper2D/Content/MaskedUnlitSpriteMaterial.uasset" 636
"../../Plugins/2D/Paper2D/Content/OpaqueUnlitSpriteMaterial.uasset" 637
"../../Plugins/Enterprise/DatasmithContent/Content/Blueprints/FBXImporter/ArrayOfActor.uasset" 638
"../../Plugins/Enterprise/DatasmithContent/Content/Blueprints/FBXImporter/ArrayOfSwitch.uasset" 639
"../../Plugins/Enterprise/DatasmithContent/Content/Blueprints/FBXImporter/BP_SceneNode.uasset" 640
"../../Plugins/Enterprise/DatasmithContent/Content/Blueprints/FBXImporter/BP_Switch.uasset" 641
"../../Plugins/Enterprise/DatasmithContent/Content/Blueprints/FBXImporter/BP_SceneRoot.uasset" 642
"../../Plugins/Enterprise/DatasmithContent/Content/Blueprints/FBXImporter/FBXImporterUtils.uasset" 643
"../../Plugins/Enterprise/DatasmithContent/Content/Blueprints/FBXImporter/Animation/DeltaGenAnimationTrackType.uasset" 644
"../../Plugins/Enterprise/DatasmithContent/Content/Blueprints/FBXImporter/Animation/VREDAnimationTrackComponent.uasset" 645
"../../Plugins/Enterprise/DatasmithContent/Content/Blueprints/FBXImporter/Animation/VREDAnimationTrackType.uasset" 646
"../../Plugins/Enterprise/DatasmithContent/Content/Blueprints/FBXImporter/Animation/VREDAnimCurveComponent.uasset" 647
"../../Plugins/Enterprise/DatasmithContent/Content/Blueprints/FBXImporter/Animation/VREDAnimCurveType.uasset" 648
"../../Plugins/Enterprise/DatasmithContent/Content/Blueprints/FBXImporter/Variants/VariantSwitchType.uasset" 649
"../../Plugins/Enterprise/DatasmithContent/Content/Blueprints/FBXImporter/Variants/VREDVariantSwitchType.uasset" 650
"../../Plugins/Enterprise/DatasmithContent/Content/Blueprints/FBXImporter/Variants/VREDVariantType.uasset" 651
"../../../Engine/Content/Functions/Engine_MaterialFunctions02/Texturing/CustomRotator.uasset" 652
"../../Plugins/Enterprise/DatasmithContent/Content/Materials/C4DMasterUV.uasset" 653
"../../Plugins/Enterprise/DatasmithContent/Content/Materials/TileMirrorAxis.uasset" 654
"../../Plugins/Enterprise/DatasmithContent/Content/Materials/UVEdit.uasset" 655
"../../../Engine/Content/Functions/Engine_MaterialFunctions01/Texturing/FlattenNormal.uasset" 656
"../../../Engine/Content/ArtTools/RenderToTexture/Textures/127grey.uasset" 657
"../../../Engine/Content/EditorLandscapeResources/WhiteSquareTexture.uasset" 658
"../../../Engine/Content/EngineMaterials/T_Default_Normal.uasset" 659
"../../../Engine/Content/EngineResources/Black.uasset" 660
"../../Plugins/Enterprise/DatasmithContent/Content/Materials/C4DMaster.uasset" 661
"../../../Engine/Content/EngineMaterials/FlatNormal.uasset" 662
"../../Plugins/Enterprise/DatasmithContent/Content/Materials/CE_BaseMaster.uasset" 663
"../../Plugins/Enterprise/DatasmithContent/Content/Materials/CE_OpacityMaster.uasset" 664
"../../Plugins/Enterprise/DatasmithContent/Content/Materials/CE_OpacitySimpleMaster.uasset" 665
"../../Plugins/Enterprise/DatasmithContent/Content/Materials/CE_OpaqueMaster.uasset" 666
"../../../Engine/Content/Functions/Engine_MaterialFunctions03/Procedurals/NormalFromHeightmap.uasset" 667
"../../Plugins/Enterprise/DatasmithContent/Content/Materials/RevitMaster.uasset" 668
"../../Plugins/Enterprise/DatasmithContent/Content/Materials/SketchUpMaster.uasset" 669
"../../Plugins/Enterprise/DatasmithContent/Content/Materials/FBXImporter/DeltaGenUVEdit.uasset" 670
"../../Plugins/Enterprise/DatasmithContent/Content/Materials/FBXImporter/DeltaGenBase.uasset" 671
"../../Plugins/Enterprise/DatasmithContent/Content/Materials/FBXImporter/DeltaGenMaster.uasset" 672
"../../Plugins/Enterprise/DatasmithContent/Content/Materials/FBXImporter/DeltaGenMasterTransparent.uasset" 673
"../../Plugins/Enterprise/DatasmithContent/Content/Materials/FBXImporter/VRED/VREDRepeatMode.uasset" 674
"../../../Engine/Content/Functions/Engine_MaterialFunctions02/WorldPositionOffset/LocalPosition.uasset" 675
"../../Plugins/Enterprise/DatasmithContent/Content/Materials/FBXImporter/VRED/PlanarMapping.uasset" 676
"../../Plugins/Enterprise/DatasmithContent/Content/Materials/FBXImporter/VRED/ProcessNormal.uasset" 677
"../../../Engine/Content/Functions/Engine_MaterialFunctions02/WorldPositionOffset/ObjectScale.uasset" 678
"../../Plugins/Enterprise/DatasmithContent/Content/Materials/FBXImporter/VRED/TriplanarMapping.uasset" 679
"../../Plugins/Enterprise/DatasmithContent/Content/Materials/FBXImporter/VRED/UVMapping.uasset" 680
"../../Plugins/Enterprise/DatasmithContent/Content/Materials/FBXImporter/VRED/VREDTextureRead.uasset" 681
"../../../Engine/Content/Functions/Engine_MaterialFunctions01/Texturing/BakedDisplacement.uasset" 682
"../../Plugins/Enterprise/DatasmithContent/Content/Materials/FBXImporter/VRED/BrushedMetal.uasset" 683
"../../Plugins/Enterprise/DatasmithContent/Content/Materials/FBXImporter/VRED/Chrome.uasset" 684
"../../../Engine/Content/Functions/Engine_MaterialFunctions01/Texturing/ComputeMipLevel.uasset" 685
"../../../Engine/Content/Functions/Engine_MaterialFunctions01/Texturing/TextureCropping.uasset" 686
"../../../Engine/Content/Functions/Engine_MaterialFunctions02/Utility/BreakOutFloat3Components.uasset" 687
"../../../Engine/Content/Functions/Engine_MaterialFunctions02/ExampleContent/DebugNumberStrip.uasset" 688
"../../../Engine/Content/Functions/Engine_MaterialFunctions02/ExampleContent/Textures/DebugNumberPeriod.uasset" 689
"../../../Engine/Content/Functions/Engine_MaterialFunctions02/Utility/DebugScalarValues.uasset" 690
"../../../Engine/Content/Functions/Engine_MaterialFunctions02/Utility/DebugFloat3Values.uasset" 691
"../../../Engine/Content/Functions/Engine_MaterialFunctions02/Math/RGBtoHSV.uasset" 692
"../../Plugins/Enterprise/DatasmithContent/Content/Materials/FBXImporter/VRED/Glass.uasset" 693
"../../Plugins/Enterprise/DatasmithContent/Content/Materials/FBXImporter/VRED/Phong.uasset" 694
"../../Plugins/Enterprise/DatasmithContent/Content/Materials/FBXImporter/VRED/Plastic.uasset" 695
"../../../Engine/Content/Functions/MaterialLayerFunctions/MatLayerBlend_Standard.uasset" 696
"../../../Engine/Content/EditorShapes/Textures/T_ShapeNormal.uasset" 697
"../../Plugins/Enterprise/DatasmithContent/Content/Materials/FBXImporter/VRED/UnicolorCarpaint.uasset" 698
"../../Plugins/Runtime/Oculus/OculusVR/Content/OculusMR_RenderTarget.uasset" 699
"../../../Engine/Content/Functions/Engine_MaterialFunctions02/Utility/BreakOutFloat4Components.uasset" 700
"../../Plugins/Runtime/Oculus/OculusVR/Content/Materials/OculusMR_ChromaKey.uasset" 701
"../../Plugins/Runtime/Oculus/OculusVR/Content/Materials/OculusMR_ChromaKey_Lit.uasset" 702
"../../Plugins/Runtime/Oculus/OculusVR/Content/Materials/OculusMR_OpaqueColoredMaterial.uasset" 703
"../../Plugins/Runtime/Oculus/OculusVR/Content/Materials/OculusMR_WhiteMaterial.uasset" 704
"../../Plugins/Runtime/Oculus/OculusVR/Content/Materials/PokeAHoleMaterial.uasset" 705
"../../Plugins/Runtime/Oculus/OculusVR/Content/Textures/GearVRController_AO.uasset" 706
"../../Plugins/Runtime/Oculus/OculusVR/Content/Textures/GearVRController_Color.uasset" 707
"../../Plugins/Runtime/Oculus/OculusVR/Content/Textures/GearVRController_Normal.uasset" 708
"../../Plugins/Runtime/Oculus/OculusVR/Content/Materials/GearVRControllerMaterial.uasset" 709
"../../Plugins/Runtime/Oculus/OculusVR/Content/Meshes/GearVrController.uasset" 710
"../../Plugins/Runtime/Oculus/OculusVR/Content/Textures/touchController_albedo.uasset" 711
"../../Plugins/Runtime/Oculus/OculusVR/Content/Textures/touchController_controlmap.uasset" 712
"../../Plugins/Runtime/Oculus/OculusVR/Content/Materials/touchController_mat.uasset" 713
"../../Plugins/Runtime/Oculus/OculusVR/Content/Meshes/LeftTouchController.uasset" 714
"../../Plugins/Runtime/Oculus/OculusVR/Content/Meshes/RiftHMD.uasset" 715
"../../Plugins/Runtime/Oculus/OculusVR/Content/Meshes/RightTouchController.uasset" 716
"../../../../../Unreal/SRPG/SRPG/Content/CustomContent/Animations/Battle/Player/Converted/Idle_.uasset" 717
"../../../../../Unreal/SRPG/SRPG/Content/CustomContent/Animations/Battle/Player/Converted/Walking___.uasset" 718
"../../../../../Unreal/SRPG/SRPG/Content/CustomContent/Animations/Hub/NPC/ANIM_NPCAnimInstanceBP.uasset" 719
"../../../../../Unreal/SRPG/SRPG/Content/CustomContent/DataTables/Dialogue_DataTable.uasset" 720
"../../../../../Unreal/SRPG/SRPG/Content/CustomContent/UI/Hub/UMG_NPC.uasset" 721
"../../../../../Unreal/SRPG/SRPG/Content/Marketplace/PolygonCity/Meshes/Characters/SK_Character_BusinessMan_Shirt_PhysicsAsset.uasset" 722
"../../../../../Unreal/SRPG/SRPG/Content/Marketplace/PolygonCity/Meshes/Characters/SK_Character_BusinessMan_Shirt.uasset" 723
"../../../../../Unreal/SRPG/SRPG/Content/CustomContent/Blueprints/BP_TestNPC.uasset" 724
"../../../../../Unreal/SRPG/SRPG/Content/CustomContent/DataTables/AllFighters_Demo.uasset" 725
"../../../../../Unreal/SRPG/SRPG/Content/CustomContent/DataTables/RecruitedFighters_DataTable1_.uasset" 726
"../../../../../Unreal/SRPG/SRPG/Content/Marketplace/AdvancedMagicFX12/DemoRoomData/Textures/T_UnrealEngineDecal.uasset" 727
"../../../../../Unreal/SRPG/SRPG/Content/CustomContent/UI/Hub/UMG_FighterShopRow.uasset" 728
"../../../../../Unreal/SRPG/SRPG/Content/CustomContent/UI/Hub/UMG_FighterShop.uasset" 729
"../../../../../Unreal/SRPG/SRPG/Content/CustomContent/Blueprints/NPC/BP_FighterSShop.uasset" 730
"../../../../../Unreal/SRPG/SRPG/Content/CustomContent/UI/Hub/UMG_EquipmentRow.uasset" 731
"../../../../../Unreal/SRPG/SRPG/Content/CustomContent/UI/Hub/UMG_ItemRow.uasset" 732
"../../../../../Unreal/SRPG/SRPG/Content/CustomContent/UI/Hub/UMG_ItemShop.uasset" 733
"../../../../../Unreal/SRPG/SRPG/Content/Marketplace/PolygonCity/Meshes/Characters/SK_Character_BusinessWoman_PhysicsAsset.uasset" 734
"../../../../../Unreal/SRPG/SRPG/Content/Marketplace/PolygonCity/Meshes/Characters/SK_Character_BusinessWoman.uasset" 735
"../../../../../Unreal/SRPG/SRPG/Content/CustomContent/Blueprints/NPC/BP_Itemshop2.uasset" 736
"../../../../../Unreal/SRPG/SRPG/Content/CustomContent/UI/Hub/UMG_SupportingFighterRowTourney.uasset" 737
"../../../../../Unreal/SRPG/SRPG/Content/CustomContent/UI/Hub/UMG_Tourney.uasset" 738
"../../../../../Unreal/SRPG/SRPG/Content/Marketplace/PolygonCity/Meshes/Characters/SK_Character_Male_Police_PhysicsAsset.uasset" 739
"../../../../../Unreal/SRPG/SRPG/Content/Marketplace/PolygonCity/Meshes/Characters/SK_Character_Male_Police.uasset" 740
"../../../../../Unreal/SRPG/SRPG/Content/CustomContent/Blueprints/NPC/BP_Tournament.uasset" 741
"../../../Engine/Content/EngineSky/C_Sky_Cloud_Color.uasset" 742
"../../../Engine/Content/EngineSky/C_Sky_Horizon_Color.uasset" 743
"../../../Engine/Content/EngineSky/C_Sky_Zenith_Color.uasset" 744
"../../../Engine/Content/EngineSky/T_Sky_Blue.uasset" 745
"../../../Engine/Content/EngineSky/T_Sky_Clouds_M.uasset" 746
"../../../Engine/Content/EngineSky/T_Sky_Stars.uasset" 747
"../../../Engine/Content/EngineSky/M_Sky_Panning_Clouds2.uasset" 748
"../../../Engine/Content/EngineSky/SM_SkySphere.uasset" 749
"../../../Engine/Content/EngineSky/BP_Sky_Sphere.uasset" 750
"../../../../../Unreal/SRPG/SRPG/Content/CustomContent/UI/Hub/UMG_Hubworld.uasset" 751
"../../../../../Unreal/SRPG/SRPG/Content/CustomContent/Blueprints/Hub/BP_HubManager.uasset" 752
"../../../../../Unreal/SRPG/SRPG/Content/CustomContent/UI/Hub/UMG_TransitionRow.uasset" 753
"../../../../../Unreal/SRPG/SRPG/Content/CustomContent/UI/Hub/UMG_TransitionToBattle.uasset" 754
"../../../../../Unreal/SRPG/SRPG/Content/Marketplace/FantasyRPGVFXPack/Textures/T_Sprite_Flipbook_ProtectionOrb.uasset" 755
"../../../../../Unreal/SRPG/SRPG/Content/Marketplace/FantasyRPGVFXPack/Materials/M_Sprite_Flipbook_ProtectOrb.uasset" 756
"../../../../../Unreal/SRPG/SRPG/Content/Marketplace/FantasyRPGVFXPack/Particles/PS_Aura_Orb_Fire.uasset" 757
"../../../../../Unreal/SRPG/SRPG/Content/CustomContent/Blueprints/Hub/BP_TransitionToBattle.uasset" 758
"../../../../../Unreal/SRPG/SRPG/Content/CustomContent/DataTables/ActivityDialogue_DataTable2.uasset" 759
"../../../../../Unreal/SRPG/SRPG/Content/CustomContent/Blueprints/NPC/BP_BranchNPC.uasset" 760
"../../../../../Unreal/SRPG/SRPG/Content/CustomContent/UI/Hub/UMG_SupportingFighterRow.uasset" 761
"../../../../../Unreal/SRPG/SRPG/Content/CustomContent/UI/Hub/UMG_CentralNPC.uasset" 762
"../../../../../Unreal/SRPG/SRPG/Content/Marketplace/PolygonCity/Meshes/Characters/SK_Character_Male_Hoodie_PhysicsAsset.uasset" 763
"../../../../../Unreal/SRPG/SRPG/Content/Marketplace/PolygonCity/Meshes/Characters/SK_Character_Male_Hoodie.uasset" 764
"../../../../../Unreal/SRPG/SRPG/Content/CustomContent/Blueprints/NPC/BP_CentralNPCRemade.uasset" 765
"../../../../../Unreal/SRPG/SRPG/Content/Geometry/Meshes/CubeMaterial.uasset" 766
"../../../../../Unreal/SRPG/SRPG/Content/Geometry/Meshes/1M_Cube.uasset" 767
"../../../../../Unreal/SRPG/SRPG/Content/CustomContent/Maps/Hub/HubLevel_S8.umap" 768
